<?xml version="1.0" encoding="UTF-8"?>
<!-- Generated by org.testng.reporters.JUnitReportReporter -->
<testsuite hostname="DESKTOP-7HJ645U" failures="0" tests="1" name="com.apollo.testscript.AppointmentModule" time="0.010" errors="0" timestamp="2025-09-22T09:24:11 IST" skipped="0">
  <testcase classname="com.apollo.testscript.AppointmentModule" name="requestAppointment" time="0.010">
    <system-out>
      <![CDATA[requestAppointment]]>
    </system-out>
  </testcase> <!-- requestAppointment -->
  <system-out>
    <![CDATA[requestAppointment]]>
  </system-out>
</testsuite> <!-- com.apollo.testscript.AppointmentModule -->
