<?xml version="1.0" encoding="UTF-8"?>
<!-- Generated by org.testng.reporters.JUnitReportReporter -->
<testsuite hostname="DESKTOP-7HJ645U" failures="0" tests="2" name="com.apollo.testscript.AppointmentModule" time="0.012" errors="0" timestamp="2025-09-24T09:37:41 IST" skipped="0">
  <testcase classname="com.apollo.testscript.AppointmentModule" name="cancelAppointment" time="0.010">
    <system-out>
      <![CDATA[cancelAppointment]]>
    </system-out>
  </testcase> <!-- cancelAppointment -->
  <testcase classname="com.apollo.testscript.AppointmentModule" name="requestAppointment" time="0.002">
    <system-out>
      <![CDATA[requestAppointment]]>
    </system-out>
  </testcase> <!-- requestAppointment -->
  <system-out>
    <![CDATA[cancelAppointment
requestAppointment]]>
  </system-out>
</testsuite> <!-- com.apollo.testscript.AppointmentModule -->
